Build started 29/11/2016 22:59:07.
     1>Project "E:\Documentos\uni_ShadowVolume\trunk\UnisinosShadowVolume\Projeto\ShadowVolume.vcxproj" on node 2 (Build target(s)).
     1>Link:
         E:\Visual Studio 2013\VC\bin\link.exe /ERRORREPORT:PROMPT /OUT:"E:\Documentos\uni_ShadowVolume\trunk\UnisinosShadowVolume\Projeto\Debug\ShadowVolume.exe" /INCREMENTAL:NO /NOLOGO /LIBPATH:Debug /LIBPATH:E:\Documentos\uni_ShadowVolume\trunk\UnisinosShadowVolume\Projeto\\..\..\Lib kernel32.lib user32.lib gdi32.lib winspool.lib comdlg32.lib advapi32.lib shell32.lib ole32.lib oleaut32.lib uuid.lib odbc32.lib odbccp32.lib kernel32.lib user32.lib gdi32.lib winspool.lib comdlg32.lib advapi32.lib shell32.lib ole32.lib oleaut32.lib uuid.lib odbc32.lib odbccp32.lib glew32.lib Common.lib /MANIFEST /MANIFESTUAC:"level='asInvoker' uiAccess='false'" /manifest:embed /DEBUG /PDB:"E:\Documentos\uni_ShadowVolume\trunk\UnisinosShadowVolume\Projeto\Debug\ShadowVolume.pdb" /SUBSYSTEM:CONSOLE /TLBID:1 /DYNAMICBASE /NXCOMPAT /IMPLIB:"E:\Documentos\uni_ShadowVolume\trunk\UnisinosShadowVolume\Projeto\Debug\ShadowVolume.lib" /MACHINE:X86 Debug\ShadowVolume\Main.obj
     1>LINK : fatal error LNK1181: cannot open input file 'Common.lib'
     1>Done Building Project "E:\Documentos\uni_ShadowVolume\trunk\UnisinosShadowVolume\Projeto\ShadowVolume.vcxproj" (Build target(s)) -- FAILED.

Build FAILED.

Time Elapsed 00:00:00.08
